<?xml version="1.0" encoding="UTF-8"?>
<coverage generated="1584576393543" clover="3.2.0">
  <project timestamp="1584576393543" name="All files">
    <metrics statements="34" coveredstatements="28" conditionals="6" coveredconditionals="2" methods="16" coveredmethods="13" elements="56" coveredelements="43" complexity="0" loc="34" ncloc="34" packages="1" files="5" classes="5"/>
    <file name="AlbumCover.jsx" path="/Users/harrisonedwards/hackReactor/sf126/fec/top-player/client/src/components/AlbumCover.jsx">
      <metrics statements="7" coveredstatements="7" conditionals="0" coveredconditionals="0" methods="4" coveredmethods="4"/>
      <line num="8" count="3" type="stmt"/>
      <line num="9" count="3" type="stmt"/>
      <line num="12" count="3" type="stmt"/>
      <line num="13" count="3" type="stmt"/>
      <line num="18" count="1" type="stmt"/>
      <line num="22" count="1" type="stmt"/>
      <line num="26" count="5" type="stmt"/>
    </file>
    <file name="App.jsx" path="/Users/harrisonedwards/hackReactor/sf126/fec/top-player/client/src/components/App.jsx">
      <metrics statements="11" coveredstatements="8" conditionals="2" coveredconditionals="1" methods="6" coveredmethods="4"/>
      <line num="13" count="1" type="stmt"/>
      <line num="14" count="1" type="stmt"/>
      <line num="18" count="1" type="stmt"/>
      <line num="24" count="1" type="stmt"/>
      <line num="28" count="1" type="stmt"/>
      <line num="30" count="0" type="stmt"/>
      <line num="35" count="0" type="stmt"/>
      <line num="48" count="1" type="stmt"/>
      <line num="50" count="1" type="cond" truecount="1" falsecount="1"/>
      <line num="51" count="0" type="stmt"/>
      <line num="71" count="1" type="stmt"/>
    </file>
    <file name="MediaImage.jsx" path="/Users/harrisonedwards/hackReactor/sf126/fec/top-player/client/src/components/MediaImage.jsx">
      <metrics statements="2" coveredstatements="2" conditionals="0" coveredconditionals="0" methods="1" coveredmethods="1"/>
      <line num="3" count="2" type="stmt"/>
      <line num="4" count="1" type="stmt"/>
    </file>
    <file name="PlayButton.jsx" path="/Users/harrisonedwards/hackReactor/sf126/fec/top-player/client/src/components/PlayButton.jsx">
      <metrics statements="12" coveredstatements="9" conditionals="4" coveredconditionals="1" methods="4" coveredmethods="3"/>
      <line num="5" count="2" type="stmt"/>
      <line num="6" count="2" type="stmt"/>
      <line num="8" count="2" type="stmt"/>
      <line num="9" count="1" type="stmt"/>
      <line num="12" count="2" type="stmt"/>
      <line num="13" count="0" type="stmt"/>
      <line num="16" count="2" type="stmt"/>
      <line num="17" count="1" type="cond" truecount="1" falsecount="1"/>
      <line num="18" count="1" type="stmt"/>
      <line num="19" count="0" type="cond" truecount="0" falsecount="2"/>
      <line num="20" count="0" type="stmt"/>
      <line num="24" count="2" type="stmt"/>
    </file>
    <file name="SongInfo.jsx" path="/Users/harrisonedwards/hackReactor/sf126/fec/top-player/client/src/components/SongInfo.jsx">
      <metrics statements="2" coveredstatements="2" conditionals="0" coveredconditionals="0" methods="1" coveredmethods="1"/>
      <line num="3" count="2" type="stmt"/>
      <line num="4" count="1" type="stmt"/>
    </file>
  </project>
</coverage>
