{"/Users/harrisonedwards/hackReactor/sf126/fec/top-player/client/src/components/AlbumCover.jsx": {"path":"/Users/harrisonedwards/hackReactor/sf126/fec/top-player/client/src/components/AlbumCover.jsx","statementMap":{"0":{"start":{"line":8,"column":4},"end":{"line":8,"column":17}},"1":{"start":{"line":9,"column":4},"end":{"line":11,"column":6}},"2":{"start":{"line":12,"column":4},"end":{"line":12,"column":47}},"3":{"start":{"line":13,"column":4},"end":{"line":13,"column":49}},"4":{"start":{"line":18,"column":4},"end":{"line":18,"column":39}},"5":{"start":{"line":22,"column":4},"end":{"line":22,"column":40}},"6":{"start":{"line":26,"column":4},"end":{"line":45,"column":6}}},"fnMap":{"0":{"name":"(anonymous_0)","decl":{"start":{"line":7,"column":2},"end":{"line":7,"column":3}},"loc":{"start":{"line":7,"column":21},"end":{"line":14,"column":3}},"line":7},"1":{"name":"(anonymous_1)","decl":{"start":{"line":16,"column":2},"end":{"line":16,"column":3}},"loc":{"start":{"line":16,"column":14},"end":{"line":19,"column":3}},"line":16},"2":{"name":"(anonymous_2)","decl":{"start":{"line":21,"column":2},"end":{"line":21,"column":3}},"loc":{"start":{"line":21,"column":15},"end":{"line":23,"column":3}},"line":21},"3":{"name":"(anonymous_3)","decl":{"start":{"line":25,"column":2},"end":{"line":25,"column":3}},"loc":{"start":{"line":25,"column":11},"end":{"line":46,"column":3}},"line":25}},"branchMap":{},"s":{"0":3,"1":3,"2":3,"3":3,"4":1,"5":1,"6":5},"f":{"0":3,"1":1,"2":1,"3":5},"b":{},"_coverageSchema":"1a1c01bbd47fc00a2c39e90264f33305004495a9","hash":"6700f32a44e3ecd6174843b25a40d95a8c99eccf"}
,"/Users/harrisonedwards/hackReactor/sf126/fec/top-player/client/src/components/App.jsx": {"path":"/Users/harrisonedwards/hackReactor/sf126/fec/top-player/client/src/components/App.jsx","statementMap":{"0":{"start":{"line":13,"column":4},"end":{"line":13,"column":17}},"1":{"start":{"line":14,"column":4},"end":{"line":17,"column":6}},"2":{"start":{"line":18,"column":4},"end":{"line":18,"column":51}},"3":{"start":{"line":24,"column":4},"end":{"line":24,"column":23}},"4":{"start":{"line":28,"column":4},"end":{"line":36,"column":9}},"5":{"start":{"line":30,"column":8},"end":{"line":30,"column":38}},"6":{"start":{"line":35,"column":8},"end":{"line":35,"column":46}},"7":{"start":{"line":48,"column":21},"end":{"line":48,"column":39}},"8":{"start":{"line":50,"column":4},"end":{"line":73,"column":5}},"9":{"start":{"line":51,"column":6},"end":{"line":72,"column":8}},"10":{"start":{"line":74,"column":4},"end":{"line":74,"column":18}}},"fnMap":{"0":{"name":"(anonymous_0)","decl":{"start":{"line":12,"column":2},"end":{"line":12,"column":3}},"loc":{"start":{"line":12,"column":21},"end":{"line":21,"column":3}},"line":12},"1":{"name":"(anonymous_1)","decl":{"start":{"line":23,"column":2},"end":{"line":23,"column":3}},"loc":{"start":{"line":23,"column":22},"end":{"line":25,"column":3}},"line":23},"2":{"name":"(anonymous_2)","decl":{"start":{"line":27,"column":2},"end":{"line":27,"column":3}},"loc":{"start":{"line":27,"column":16},"end":{"line":37,"column":3}},"line":27},"3":{"name":"(anonymous_3)","decl":{"start":{"line":29,"column":12},"end":{"line":29,"column":13}},"loc":{"start":{"line":29,"column":22},"end":{"line":32,"column":7}},"line":29},"4":{"name":"(anonymous_4)","decl":{"start":{"line":33,"column":12},"end":{"line":33,"column":13}},"loc":{"start":{"line":33,"column":18},"end":{"line":36,"column":7}},"line":33},"5":{"name":"(anonymous_5)","decl":{"start":{"line":47,"column":2},"end":{"line":47,"column":3}},"loc":{"start":{"line":47,"column":11},"end":{"line":75,"column":3}},"line":47}},"branchMap":{"0":{"loc":{"start":{"line":50,"column":4},"end":{"line":73,"column":5}},"type":"if","locations":[{"start":{"line":50,"column":4},"end":{"line":73,"column":5}},{"start":{"line":50,"column":4},"end":{"line":73,"column":5}}],"line":50}},"s":{"0":2,"1":2,"2":2,"3":2,"4":3,"5":0,"6":0,"7":2,"8":2,"9":0,"10":2},"f":{"0":2,"1":2,"2":3,"3":0,"4":0,"5":2},"b":{"0":[0,2]},"_coverageSchema":"1a1c01bbd47fc00a2c39e90264f33305004495a9","hash":"cb9bbc72abc7550273b56e288fdefca65e1be90d"}
,"/Users/harrisonedwards/hackReactor/sf126/fec/top-player/client/src/components/MediaImage.jsx": {"path":"/Users/harrisonedwards/hackReactor/sf126/fec/top-player/client/src/components/MediaImage.jsx","statementMap":{"0":{"start":{"line":5,"column":4},"end":{"line":5,"column":17}},"1":{"start":{"line":6,"column":4},"end":{"line":8,"column":6}},"2":{"start":{"line":12,"column":21},"end":{"line":18,"column":6}},"3":{"start":{"line":13,"column":6},"end":{"line":17,"column":8}},"4":{"start":{"line":19,"column":4},"end":{"line":28,"column":6}}},"fnMap":{"0":{"name":"(anonymous_0)","decl":{"start":{"line":4,"column":2},"end":{"line":4,"column":3}},"loc":{"start":{"line":4,"column":21},"end":{"line":9,"column":3}},"line":4},"1":{"name":"(anonymous_1)","decl":{"start":{"line":11,"column":2},"end":{"line":11,"column":3}},"loc":{"start":{"line":11,"column":11},"end":{"line":29,"column":3}},"line":11},"2":{"name":"(anonymous_2)","decl":{"start":{"line":12,"column":45},"end":{"line":12,"column":46}},"loc":{"start":{"line":12,"column":61},"end":{"line":18,"column":5}},"line":12}},"branchMap":{},"s":{"0":1,"1":1,"2":1,"3":0,"4":0},"f":{"0":1,"1":1,"2":0},"b":{},"_coverageSchema":"1a1c01bbd47fc00a2c39e90264f33305004495a9","hash":"19c5ad0dfa1a66dec59ad55e2b64b1e3749c72fd"}
,"/Users/harrisonedwards/hackReactor/sf126/fec/top-player/client/src/components/PlayButton.jsx": {"path":"/Users/harrisonedwards/hackReactor/sf126/fec/top-player/client/src/components/PlayButton.jsx","statementMap":{"0":{"start":{"line":7,"column":4},"end":{"line":7,"column":17}},"1":{"start":{"line":8,"column":4},"end":{"line":12,"column":6}},"2":{"start":{"line":13,"column":4},"end":{"line":13,"column":44}},"3":{"start":{"line":14,"column":4},"end":{"line":14,"column":45}},"4":{"start":{"line":15,"column":4},"end":{"line":15,"column":47}},"5":{"start":{"line":16,"column":4},"end":{"line":16,"column":59}},"6":{"start":{"line":17,"column":4},"end":{"line":17,"column":55}},"7":{"start":{"line":18,"column":4},"end":{"line":18,"column":57}},"8":{"start":{"line":22,"column":4},"end":{"line":22,"column":16}},"9":{"start":{"line":23,"column":4},"end":{"line":23,"column":63}},"10":{"start":{"line":28,"column":4},"end":{"line":28,"column":17}},"11":{"start":{"line":29,"column":4},"end":{"line":29,"column":62}},"12":{"start":{"line":34,"column":4},"end":{"line":38,"column":5}},"13":{"start":{"line":35,"column":6},"end":{"line":35,"column":32}},"14":{"start":{"line":36,"column":11},"end":{"line":38,"column":5}},"15":{"start":{"line":37,"column":6},"end":{"line":37,"column":33}},"16":{"start":{"line":42,"column":4},"end":{"line":42,"column":57}},"17":{"start":{"line":46,"column":4},"end":{"line":46,"column":59}},"18":{"start":{"line":51,"column":4},"end":{"line":82,"column":6}}},"fnMap":{"0":{"name":"(anonymous_0)","decl":{"start":{"line":6,"column":2},"end":{"line":6,"column":3}},"loc":{"start":{"line":6,"column":21},"end":{"line":19,"column":3}},"line":6},"1":{"name":"(anonymous_1)","decl":{"start":{"line":21,"column":2},"end":{"line":21,"column":3}},"loc":{"start":{"line":21,"column":17},"end":{"line":25,"column":3}},"line":21},"2":{"name":"(anonymous_2)","decl":{"start":{"line":27,"column":2},"end":{"line":27,"column":3}},"loc":{"start":{"line":27,"column":18},"end":{"line":31,"column":3}},"line":27},"3":{"name":"(anonymous_3)","decl":{"start":{"line":33,"column":2},"end":{"line":33,"column":3}},"loc":{"start":{"line":33,"column":20},"end":{"line":39,"column":3}},"line":33},"4":{"name":"(anonymous_4)","decl":{"start":{"line":41,"column":2},"end":{"line":41,"column":3}},"loc":{"start":{"line":41,"column":18},"end":{"line":43,"column":3}},"line":41},"5":{"name":"(anonymous_5)","decl":{"start":{"line":45,"column":2},"end":{"line":45,"column":3}},"loc":{"start":{"line":45,"column":19},"end":{"line":47,"column":3}},"line":45},"6":{"name":"(anonymous_6)","decl":{"start":{"line":50,"column":2},"end":{"line":50,"column":3}},"loc":{"start":{"line":50,"column":11},"end":{"line":83,"column":3}},"line":50}},"branchMap":{"0":{"loc":{"start":{"line":34,"column":4},"end":{"line":38,"column":5}},"type":"if","locations":[{"start":{"line":34,"column":4},"end":{"line":38,"column":5}},{"start":{"line":34,"column":4},"end":{"line":38,"column":5}}],"line":34},"1":{"loc":{"start":{"line":36,"column":11},"end":{"line":38,"column":5}},"type":"if","locations":[{"start":{"line":36,"column":11},"end":{"line":38,"column":5}},{"start":{"line":36,"column":11},"end":{"line":38,"column":5}}],"line":36}},"s":{"0":4,"1":4,"2":4,"3":4,"4":4,"5":4,"6":4,"7":4,"8":0,"9":0,"10":0,"11":0,"12":1,"13":1,"14":0,"15":0,"16":1,"17":1,"18":6},"f":{"0":4,"1":0,"2":0,"3":1,"4":1,"5":1,"6":6},"b":{"0":[1,0],"1":[0,0]},"_coverageSchema":"1a1c01bbd47fc00a2c39e90264f33305004495a9","hash":"8b9cb3ea7ece8d3554ee265860ac43baafd9c08b"}
,"/Users/harrisonedwards/hackReactor/sf126/fec/top-player/client/src/components/SongInfo.jsx": {"path":"/Users/harrisonedwards/hackReactor/sf126/fec/top-player/client/src/components/SongInfo.jsx","statementMap":{"0":{"start":{"line":5,"column":4},"end":{"line":5,"column":17}},"1":{"start":{"line":6,"column":4},"end":{"line":8,"column":6}},"2":{"start":{"line":9,"column":4},"end":{"line":9,"column":53}},"3":{"start":{"line":10,"column":4},"end":{"line":10,"column":55}},"4":{"start":{"line":14,"column":4},"end":{"line":14,"column":47}},"5":{"start":{"line":18,"column":4},"end":{"line":18,"column":49}},"6":{"start":{"line":22,"column":4},"end":{"line":34,"column":6}}},"fnMap":{"0":{"name":"(anonymous_0)","decl":{"start":{"line":4,"column":2},"end":{"line":4,"column":3}},"loc":{"start":{"line":4,"column":21},"end":{"line":11,"column":3}},"line":4},"1":{"name":"(anonymous_1)","decl":{"start":{"line":13,"column":2},"end":{"line":13,"column":3}},"loc":{"start":{"line":13,"column":17},"end":{"line":15,"column":3}},"line":13},"2":{"name":"(anonymous_2)","decl":{"start":{"line":17,"column":2},"end":{"line":17,"column":3}},"loc":{"start":{"line":17,"column":18},"end":{"line":19,"column":3}},"line":17},"3":{"name":"(anonymous_3)","decl":{"start":{"line":21,"column":2},"end":{"line":21,"column":3}},"loc":{"start":{"line":21,"column":11},"end":{"line":35,"column":3}},"line":21}},"branchMap":{},"s":{"0":3,"1":3,"2":3,"3":3,"4":1,"5":1,"6":5},"f":{"0":3,"1":1,"2":1,"3":5},"b":{},"_coverageSchema":"1a1c01bbd47fc00a2c39e90264f33305004495a9","hash":"36aa25f89e6ee2b5e885651b15f3a6eae5768810"}
}
